# JRE version: OpenJDK Runtime Environment (17.0.2+8) (build 17.0.2+8-86)
# Java VM: OpenJDK 64-Bit Server VM (17.0.2+8-86, mixed mode, emulated-client, sharing, tiered, compressed oops, compressed class ptrs, g1 gc, windows-amd64)
GC Precious Log:
 CPUs: 2 total, 2 available
 Memory: 5119M
 Large Page Support: Disabled
 NUMA Support: Disabled
 Compressed Oops: Enabled (32-bit)
 Heap Region Size: 1M
 Heap Min Capacity: 8M
 Heap Initial Capacity: 80M
 Heap Max Capacity: 1280M
 Pre-touch: Disabled
 Parallel Workers: 2
 Concurrent Workers: 1
 Concurrent Refinement Workers: 2
 Periodic GC: Disabled
Heap:
 garbage-first heap   total 81920K, used 12843K [0x00000000b0000000, 0x0000000100000000)
  region size 1024K, 1 young (1024K), 1 survivors (1024K)
 Metaspace       used 21224K, committed 21504K, reserved 1073152K
  class space    used 2863K, committed 3008K, reserved 1048576K
GC Heap History (12 events):
Event: 1.877 GC heap before
{Heap before GC invocations=0 (full 0):
 garbage-first heap   total 81920K, used 7168K [0x00000000b0000000, 0x0000000100000000)
  region size 1024K, 6 young (6144K), 0 survivors (0K)
 Metaspace       used 286K, committed 512K, reserved 1056768K
  class space    used 17K, committed 128K, reserved 1048576K
}
Event: 1.882 GC heap after
{Heap after GC invocations=1 (full 0):
 garbage-first heap   total 81920K, used 5212K [0x00000000b0000000, 0x0000000100000000)
  region size 1024K, 1 young (1024K), 1 survivors (1024K)
 Metaspace       used 286K, committed 512K, reserved 1056768K
  class space    used 17K, committed 128K, reserved 1048576K
}
Event: 2.181 GC heap before
{Heap before GC invocations=1 (full 0):
 garbage-first heap   total 81920K, used 8284K [0x00000000b0000000, 0x0000000100000000)
  region size 1024K, 4 young (4096K), 1 survivors (1024K)
 Metaspace       used 2984K, committed 3200K, reserved 1056768K
  class space    used 354K, committed 448K, reserved 1048576K
}
Event: 2.184 GC heap after
{Heap after GC invocations=2 (full 0):
 garbage-first heap   total 81920K, used 6294K [0x00000000b0000000, 0x0000000100000000)
  region size 1024K, 1 young (1024K), 1 survivors (1024K)
 Metaspace       used 2984K, committed 3200K, reserved 1056768K
  class space    used 354K, committed 448K, reserved 1048576K
}
Event: 3.964 GC heap before
{Heap before GC invocations=2 (full 0):
 garbage-first heap   total 81920K, used 12438K [0x00000000b0000000, 0x0000000100000000)
  region size 1024K, 7 young (7168K), 1 survivors (1024K)
 Metaspace       used 5660K, committed 5824K, reserved 1056768K
  class space    used 701K, committed 768K, reserved 1048576K
}
Event: 3.970 GC heap after
{Heap after GC invocations=3 (full 0):
 garbage-first heap   total 81920K, used 7073K [0x00000000b0000000, 0x0000000100000000)
  region size 1024K, 1 young (1024K), 1 survivors (1024K)
 Metaspace       used 5660K, committed 5824K, reserved 1056768K
  class space    used 701K, committed 768K, reserved 1048576K
}
Event: 4.588 GC heap before
{Heap before GC invocations=3 (full 0):
 garbage-first heap   total 81920K, used 20385K [0x00000000b0000000, 0x0000000100000000)
  region size 1024K, 14 young (14336K), 1 survivors (1024K)
 Metaspace       used 8274K, committed 8448K, reserved 1056768K
  class space    used 1068K, committed 1152K, reserved 1048576K
}
Event: 4.593 GC heap after
{Heap after GC invocations=4 (full 0):
 garbage-first heap   total 81920K, used 8519K [0x00000000b0000000, 0x0000000100000000)
  region size 1024K, 2 young (2048K), 2 survivors (2048K)
 Metaspace       used 8274K, committed 8448K, reserved 1056768K
  class space    used 1068K, committed 1152K, reserved 1048576K
}
Event: 6.772 GC heap before
{Heap before GC invocations=4 (full 0):
 garbage-first heap   total 81920K, used 54599K [0x00000000b0000000, 0x0000000100000000)
  region size 1024K, 48 young (49152K), 2 survivors (2048K)
 Metaspace       used 19723K, committed 20032K, reserved 1073152K
  class space    used 2675K, committed 2816K, reserved 1048576K
}
Event: 6.781 GC heap after
{Heap after GC invocations=5 (full 0):
 garbage-first heap   total 81920K, used 12254K [0x00000000b0000000, 0x0000000100000000)
  region size 1024K, 6 young (6144K), 6 survivors (6144K)
 Metaspace       used 19723K, committed 20032K, reserved 1073152K
  class space    used 2675K, committed 2816K, reserved 1048576K
}
Event: 6.946 GC heap before
{Heap before GC invocations=5 (full 0):
 garbage-first heap   total 81920K, used 18398K [0x00000000b0000000, 0x0000000100000000)
  region size 1024K, 14 young (14336K), 6 survivors (6144K)
 Metaspace       used 21224K, committed 21504K, reserved 1073152K
  class space    used 2863K, committed 3008K, reserved 1048576K
}
Event: 6.955 GC heap after
{Heap after GC invocations=6 (full 0):
 garbage-first heap   total 81920K, used 12843K [0x00000000b0000000, 0x0000000100000000)
  region size 1024K, 1 young (1024K), 1 survivors (1024K)
 Metaspace       used 21224K, committed 21504K, reserved 1073152K
  class space    used 2863K, committed 3008K, reserved 1048576K
}

